.
├── data
│   └── KITTI
│       ├── ImageSets
│       └── object
│           ├── testing
│           │   ├── calib
│           │   ├── image_2
│           │   └── velodyne
│           └── training
│               ├── calib
│               ├── image_2
│               ├── label_2
│               └── velodyne
├── doc
├── lib
│   ├── datasets
│   ├── net
│   ├── rpn
│   └── utils
│       ├── iou3d
│       │   ├── build
│       │   │   └── temp.linux-x86_64-cpython-39
│       │   │       └── src
│       │   ├── iou3d.egg-info
│       │   └── src
│       └── roipool3d
│           ├── build
│           │   └── temp.linux-x86_64-cpython-39
│           │       └── src
│           ├── roipool3d.egg-info
│           └── src
├── pointnet2_lib
│   ├── pointnet2
│   │   ├── build
│   │   │   └── temp.linux-x86_64-cpython-39
│   │   │       └── src
│   │   ├── pointnet2.egg-info
│   │   └── src
│   └── tools
│       └── data
│           └── KITTI
│               └── ImageSets
└── tools
    ├── cfgs
    ├── kitti_object_eval_python
    └── train_utils

46 directories
